mode: set
github.com/keigo-saito0602/joumou_karuta_manager/infrastructure/repository/memo_repository.go:23.52,25.2 1 0
github.com/keigo-saito0602/joumou_karuta_manager/infrastructure/repository/memo_repository.go:27.86,30.16 2 0
github.com/keigo-saito0602/joumou_karuta_manager/infrastructure/repository/memo_repository.go:30.16,32.3 1 0
github.com/keigo-saito0602/joumou_karuta_manager/infrastructure/repository/memo_repository.go:33.2,33.12 1 0
github.com/keigo-saito0602/joumou_karuta_manager/infrastructure/repository/memo_repository.go:36.83,39.16 3 0
github.com/keigo-saito0602/joumou_karuta_manager/infrastructure/repository/memo_repository.go:39.16,41.3 1 0
github.com/keigo-saito0602/joumou_karuta_manager/infrastructure/repository/memo_repository.go:42.2,42.19 1 0
github.com/keigo-saito0602/joumou_karuta_manager/infrastructure/repository/memo_repository.go:45.91,48.16 3 0
github.com/keigo-saito0602/joumou_karuta_manager/infrastructure/repository/memo_repository.go:48.16,51.3 2 0
github.com/keigo-saito0602/joumou_karuta_manager/infrastructure/repository/memo_repository.go:52.2,52.19 1 0
github.com/keigo-saito0602/joumou_karuta_manager/infrastructure/repository/memo_repository.go:55.86,56.67 1 0
github.com/keigo-saito0602/joumou_karuta_manager/infrastructure/repository/memo_repository.go:56.67,64.25 1 0
github.com/keigo-saito0602/joumou_karuta_manager/infrastructure/repository/memo_repository.go:64.25,67.4 2 0
github.com/keigo-saito0602/joumou_karuta_manager/infrastructure/repository/memo_repository.go:69.3,69.55 1 0
github.com/keigo-saito0602/joumou_karuta_manager/infrastructure/repository/memo_repository.go:69.55,72.4 2 0
github.com/keigo-saito0602/joumou_karuta_manager/infrastructure/repository/memo_repository.go:74.3,74.13 1 0
github.com/keigo-saito0602/joumou_karuta_manager/infrastructure/repository/memo_repository.go:78.79,80.16 2 0
github.com/keigo-saito0602/joumou_karuta_manager/infrastructure/repository/memo_repository.go:80.16,82.3 1 0
github.com/keigo-saito0602/joumou_karuta_manager/infrastructure/repository/memo_repository.go:83.2,83.12 1 0
github.com/keigo-saito0602/joumou_karuta_manager/infrastructure/repository/user_repository.go:26.52,28.2 1 0
github.com/keigo-saito0602/joumou_karuta_manager/infrastructure/repository/user_repository.go:30.86,33.16 2 0
github.com/keigo-saito0602/joumou_karuta_manager/infrastructure/repository/user_repository.go:33.16,35.3 1 0
github.com/keigo-saito0602/joumou_karuta_manager/infrastructure/repository/user_repository.go:36.2,36.12 1 0
github.com/keigo-saito0602/joumou_karuta_manager/infrastructure/repository/user_repository.go:39.83,42.16 3 0
github.com/keigo-saito0602/joumou_karuta_manager/infrastructure/repository/user_repository.go:42.16,44.3 1 0
github.com/keigo-saito0602/joumou_karuta_manager/infrastructure/repository/user_repository.go:45.2,45.19 1 0
github.com/keigo-saito0602/joumou_karuta_manager/infrastructure/repository/user_repository.go:48.91,51.16 3 0
github.com/keigo-saito0602/joumou_karuta_manager/infrastructure/repository/user_repository.go:51.16,54.3 2 0
github.com/keigo-saito0602/joumou_karuta_manager/infrastructure/repository/user_repository.go:55.2,55.19 1 0
github.com/keigo-saito0602/joumou_karuta_manager/infrastructure/repository/user_repository.go:58.86,59.67 1 0
github.com/keigo-saito0602/joumou_karuta_manager/infrastructure/repository/user_repository.go:59.67,65.25 1 0
github.com/keigo-saito0602/joumou_karuta_manager/infrastructure/repository/user_repository.go:65.25,68.4 2 0
github.com/keigo-saito0602/joumou_karuta_manager/infrastructure/repository/user_repository.go:70.3,70.55 1 0
github.com/keigo-saito0602/joumou_karuta_manager/infrastructure/repository/user_repository.go:70.55,73.4 2 0
github.com/keigo-saito0602/joumou_karuta_manager/infrastructure/repository/user_repository.go:75.3,75.13 1 0
github.com/keigo-saito0602/joumou_karuta_manager/infrastructure/repository/user_repository.go:79.79,81.16 2 0
github.com/keigo-saito0602/joumou_karuta_manager/infrastructure/repository/user_repository.go:81.16,83.3 1 0
github.com/keigo-saito0602/joumou_karuta_manager/infrastructure/repository/user_repository.go:84.2,84.12 1 0
github.com/keigo-saito0602/joumou_karuta_manager/infrastructure/repository/user_repository.go:87.97,89.91 2 0
github.com/keigo-saito0602/joumou_karuta_manager/infrastructure/repository/user_repository.go:89.91,90.45 1 0
github.com/keigo-saito0602/joumou_karuta_manager/infrastructure/repository/user_repository.go:90.45,92.4 1 0
github.com/keigo-saito0602/joumou_karuta_manager/infrastructure/repository/user_repository.go:93.3,93.18 1 0
github.com/keigo-saito0602/joumou_karuta_manager/infrastructure/repository/user_repository.go:95.2,95.19 1 0
github.com/keigo-saito0602/joumou_karuta_manager/usecase/memo_usecase.go:27.82,32.2 1 0
github.com/keigo-saito0602/joumou_karuta_manager/usecase/memo_usecase.go:34.84,40.16 5 0
github.com/keigo-saito0602/joumou_karuta_manager/usecase/memo_usecase.go:40.16,42.3 1 0
github.com/keigo-saito0602/joumou_karuta_manager/usecase/memo_usecase.go:43.2,43.18 1 0
github.com/keigo-saito0602/joumou_karuta_manager/usecase/memo_usecase.go:46.76,52.16 5 0
github.com/keigo-saito0602/joumou_karuta_manager/usecase/memo_usecase.go:52.16,54.3 1 0
github.com/keigo-saito0602/joumou_karuta_manager/usecase/memo_usecase.go:55.2,55.19 1 0
github.com/keigo-saito0602/joumou_karuta_manager/usecase/memo_usecase.go:58.79,64.16 5 0
github.com/keigo-saito0602/joumou_karuta_manager/usecase/memo_usecase.go:64.16,66.3 1 0
github.com/keigo-saito0602/joumou_karuta_manager/usecase/memo_usecase.go:67.2,67.12 1 0
github.com/keigo-saito0602/joumou_karuta_manager/usecase/memo_usecase.go:70.79,76.16 5 0
github.com/keigo-saito0602/joumou_karuta_manager/usecase/memo_usecase.go:76.16,78.3 1 0
github.com/keigo-saito0602/joumou_karuta_manager/usecase/memo_usecase.go:79.2,79.12 1 0
github.com/keigo-saito0602/joumou_karuta_manager/usecase/memo_usecase.go:82.72,88.16 5 0
github.com/keigo-saito0602/joumou_karuta_manager/usecase/memo_usecase.go:88.16,90.3 1 0
github.com/keigo-saito0602/joumou_karuta_manager/usecase/memo_usecase.go:91.2,91.12 1 0
github.com/keigo-saito0602/joumou_karuta_manager/usecase/user_usecase.go:29.78,31.2 1 0
github.com/keigo-saito0602/joumou_karuta_manager/usecase/user_usecase.go:33.84,39.16 5 0
github.com/keigo-saito0602/joumou_karuta_manager/usecase/user_usecase.go:39.16,41.3 1 0
github.com/keigo-saito0602/joumou_karuta_manager/usecase/user_usecase.go:42.2,42.18 1 0
github.com/keigo-saito0602/joumou_karuta_manager/usecase/user_usecase.go:45.76,51.16 5 0
github.com/keigo-saito0602/joumou_karuta_manager/usecase/user_usecase.go:51.16,53.3 1 0
github.com/keigo-saito0602/joumou_karuta_manager/usecase/user_usecase.go:54.2,54.19 1 0
github.com/keigo-saito0602/joumou_karuta_manager/usecase/user_usecase.go:57.79,63.16 5 0
github.com/keigo-saito0602/joumou_karuta_manager/usecase/user_usecase.go:63.16,66.3 2 0
github.com/keigo-saito0602/joumou_karuta_manager/usecase/user_usecase.go:67.2,69.63 2 0
github.com/keigo-saito0602/joumou_karuta_manager/usecase/user_usecase.go:69.63,72.3 2 0
github.com/keigo-saito0602/joumou_karuta_manager/usecase/user_usecase.go:74.2,74.12 1 0
github.com/keigo-saito0602/joumou_karuta_manager/usecase/user_usecase.go:77.79,83.16 5 0
github.com/keigo-saito0602/joumou_karuta_manager/usecase/user_usecase.go:83.16,85.3 1 0
github.com/keigo-saito0602/joumou_karuta_manager/usecase/user_usecase.go:86.2,86.12 1 0
github.com/keigo-saito0602/joumou_karuta_manager/usecase/user_usecase.go:89.72,95.16 5 0
github.com/keigo-saito0602/joumou_karuta_manager/usecase/user_usecase.go:95.16,97.3 1 0
github.com/keigo-saito0602/joumou_karuta_manager/usecase/user_usecase.go:98.2,98.12 1 0
github.com/keigo-saito0602/joumou_karuta_manager/usecase/user_usecase.go:101.90,107.16 5 0
github.com/keigo-saito0602/joumou_karuta_manager/usecase/user_usecase.go:107.16,109.3 1 0
github.com/keigo-saito0602/joumou_karuta_manager/usecase/user_usecase.go:110.2,110.18 1 0
github.com/keigo-saito0602/joumou_karuta_manager/auth/jwt.go:17.62,27.2 3 0
github.com/keigo-saito0602/joumou_karuta_manager/auth/jwt.go:30.55,31.107 1 0
github.com/keigo-saito0602/joumou_karuta_manager/auth/jwt.go:31.107,33.3 1 0
github.com/keigo-saito0602/joumou_karuta_manager/auth/jwt.go:34.2,34.67 1 0
github.com/keigo-saito0602/joumou_karuta_manager/auth/jwt.go:34.67,36.3 1 0
github.com/keigo-saito0602/joumou_karuta_manager/auth/jwt.go:37.2,37.17 1 0
github.com/keigo-saito0602/joumou_karuta_manager/auth/middleware.go:10.60,11.36 1 0
github.com/keigo-saito0602/joumou_karuta_manager/auth/middleware.go:11.36,13.23 2 0
github.com/keigo-saito0602/joumou_karuta_manager/auth/middleware.go:13.23,15.4 1 0
github.com/keigo-saito0602/joumou_karuta_manager/auth/middleware.go:17.3,19.17 3 0
github.com/keigo-saito0602/joumou_karuta_manager/auth/middleware.go:19.17,21.4 1 0
github.com/keigo-saito0602/joumou_karuta_manager/auth/middleware.go:23.3,25.17 3 0
github.com/keigo-saito0602/joumou_karuta_manager/auth/middleware.go:29.66,30.36 1 0
github.com/keigo-saito0602/joumou_karuta_manager/auth/middleware.go:30.36,32.29 2 0
github.com/keigo-saito0602/joumou_karuta_manager/auth/middleware.go:32.29,34.4 1 0
github.com/keigo-saito0602/joumou_karuta_manager/auth/middleware.go:35.3,35.17 1 0
github.com/keigo-saito0602/joumou_karuta_manager/interface/handler/mocks/memo_usecase_mock.go:27.67,31.2 3 0
github.com/keigo-saito0602/joumou_karuta_manager/interface/handler/mocks/memo_usecase_mock.go:34.65,36.2 1 0
github.com/keigo-saito0602/joumou_karuta_manager/interface/handler/mocks/memo_usecase_mock.go:39.83,44.2 4 0
github.com/keigo-saito0602/joumou_karuta_manager/interface/handler/mocks/memo_usecase_mock.go:47.87,50.2 2 0
github.com/keigo-saito0602/joumou_karuta_manager/interface/handler/mocks/memo_usecase_mock.go:53.76,58.2 4 0
github.com/keigo-saito0602/joumou_karuta_manager/interface/handler/mocks/memo_usecase_mock.go:61.85,64.2 2 0
github.com/keigo-saito0602/joumou_karuta_manager/interface/handler/mocks/memo_usecase_mock.go:67.88,73.2 5 0
github.com/keigo-saito0602/joumou_karuta_manager/interface/handler/mocks/memo_usecase_mock.go:76.82,79.2 2 0
github.com/keigo-saito0602/joumou_karuta_manager/interface/handler/mocks/memo_usecase_mock.go:82.80,88.2 5 0
github.com/keigo-saito0602/joumou_karuta_manager/interface/handler/mocks/memo_usecase_mock.go:91.80,94.2 2 0
github.com/keigo-saito0602/joumou_karuta_manager/interface/handler/mocks/memo_usecase_mock.go:97.83,102.2 4 0
github.com/keigo-saito0602/joumou_karuta_manager/interface/handler/mocks/memo_usecase_mock.go:105.87,108.2 2 0
github.com/keigo-saito0602/joumou_karuta_manager/interface/handler/mocks/user_usecase_mock.go:27.67,31.2 3 0
github.com/keigo-saito0602/joumou_karuta_manager/interface/handler/mocks/user_usecase_mock.go:34.65,36.2 1 0
github.com/keigo-saito0602/joumou_karuta_manager/interface/handler/mocks/user_usecase_mock.go:39.83,44.2 4 0
github.com/keigo-saito0602/joumou_karuta_manager/interface/handler/mocks/user_usecase_mock.go:47.87,50.2 2 0
github.com/keigo-saito0602/joumou_karuta_manager/interface/handler/mocks/user_usecase_mock.go:53.76,58.2 4 0
github.com/keigo-saito0602/joumou_karuta_manager/interface/handler/mocks/user_usecase_mock.go:61.85,64.2 2 0
github.com/keigo-saito0602/joumou_karuta_manager/interface/handler/mocks/user_usecase_mock.go:67.94,73.2 5 0
github.com/keigo-saito0602/joumou_karuta_manager/interface/handler/mocks/user_usecase_mock.go:76.88,79.2 2 0
github.com/keigo-saito0602/joumou_karuta_manager/interface/handler/mocks/user_usecase_mock.go:82.88,88.2 5 0
github.com/keigo-saito0602/joumou_karuta_manager/interface/handler/mocks/user_usecase_mock.go:91.82,94.2 2 0
github.com/keigo-saito0602/joumou_karuta_manager/interface/handler/mocks/user_usecase_mock.go:97.80,103.2 5 0
github.com/keigo-saito0602/joumou_karuta_manager/interface/handler/mocks/user_usecase_mock.go:106.80,109.2 2 0
github.com/keigo-saito0602/joumou_karuta_manager/interface/handler/mocks/user_usecase_mock.go:112.83,117.2 4 0
github.com/keigo-saito0602/joumou_karuta_manager/interface/handler/mocks/user_usecase_mock.go:120.87,123.2 2 0
github.com/keigo-saito0602/joumou_karuta_manager/validation/custom_validator.go:22.51,24.36 2 0
github.com/keigo-saito0602/joumou_karuta_manager/validation/custom_validator.go:24.36,26.3 1 0
github.com/keigo-saito0602/joumou_karuta_manager/validation/custom_validator.go:27.2,27.12 1 0
github.com/keigo-saito0602/joumou_karuta_manager/validation/custom_validator.go:31.51,33.36 2 0
github.com/keigo-saito0602/joumou_karuta_manager/validation/custom_validator.go:33.36,35.3 1 0
github.com/keigo-saito0602/joumou_karuta_manager/validation/custom_validator.go:36.2,36.12 1 0
github.com/keigo-saito0602/joumou_karuta_manager/validation/custom_validator.go:40.52,42.35 2 0
github.com/keigo-saito0602/joumou_karuta_manager/validation/custom_validator.go:42.35,44.3 1 0
github.com/keigo-saito0602/joumou_karuta_manager/validation/custom_validator.go:45.2,45.12 1 0
github.com/keigo-saito0602/joumou_karuta_manager/validation/custom_validator.go:49.50,51.9 2 0
github.com/keigo-saito0602/joumou_karuta_manager/validation/custom_validator.go:51.9,53.3 1 0
github.com/keigo-saito0602/joumou_karuta_manager/validation/custom_validator.go:54.2,54.26 1 0
github.com/keigo-saito0602/joumou_karuta_manager/validation/custom_validator.go:54.26,56.3 1 0
github.com/keigo-saito0602/joumou_karuta_manager/validation/custom_validator.go:57.2,57.12 1 0
github.com/keigo-saito0602/joumou_karuta_manager/validation/custom_validator.go:61.48,63.9 2 0
github.com/keigo-saito0602/joumou_karuta_manager/validation/custom_validator.go:63.9,65.3 1 0
github.com/keigo-saito0602/joumou_karuta_manager/validation/custom_validator.go:66.2,66.27 1 0
github.com/keigo-saito0602/joumou_karuta_manager/validation/custom_validator.go:66.27,68.3 1 0
github.com/keigo-saito0602/joumou_karuta_manager/validation/custom_validator.go:69.2,69.12 1 0
github.com/keigo-saito0602/joumou_karuta_manager/validation/custom_validator.go:74.58,75.39 1 0
github.com/keigo-saito0602/joumou_karuta_manager/validation/custom_validator.go:75.39,77.23 2 0
github.com/keigo-saito0602/joumou_karuta_manager/validation/custom_validator.go:77.23,81.4 1 0
github.com/keigo-saito0602/joumou_karuta_manager/validation/custom_validator.go:82.3,82.13 1 0
github.com/keigo-saito0602/joumou_karuta_manager/validation/custom_validator.go:86.54,88.9 2 0
github.com/keigo-saito0602/joumou_karuta_manager/validation/custom_validator.go:88.9,90.3 1 0
github.com/keigo-saito0602/joumou_karuta_manager/validation/custom_validator.go:91.2,91.12 1 0
github.com/keigo-saito0602/joumou_karuta_manager/validation/custom_validator.go:91.12,93.3 1 0
github.com/keigo-saito0602/joumou_karuta_manager/validation/custom_validator.go:94.2,94.12 1 0
github.com/keigo-saito0602/joumou_karuta_manager/validation/memo_validation.go:15.74,17.2 1 0
github.com/keigo-saito0602/joumou_karuta_manager/validation/memo_validation.go:19.82,30.2 1 0
github.com/keigo-saito0602/joumou_karuta_manager/validation/memo_validation.go:32.82,44.2 1 0
github.com/keigo-saito0602/joumou_karuta_manager/validation/user_validation.go:12.40,14.2 1 0
github.com/keigo-saito0602/joumou_karuta_manager/validation/user_validation.go:16.82,21.2 1 0
github.com/keigo-saito0602/joumou_karuta_manager/validation/user_validation.go:23.82,29.2 1 0
github.com/keigo-saito0602/joumou_karuta_manager/validation/user_validation.go:32.67,33.39 1 0
github.com/keigo-saito0602/joumou_karuta_manager/validation/user_validation.go:33.39,35.25 2 0
github.com/keigo-saito0602/joumou_karuta_manager/validation/user_validation.go:35.25,37.4 1 0
github.com/keigo-saito0602/joumou_karuta_manager/validation/user_validation.go:39.3,40.17 2 0
github.com/keigo-saito0602/joumou_karuta_manager/validation/user_validation.go:40.17,42.4 1 0
github.com/keigo-saito0602/joumou_karuta_manager/validation/user_validation.go:43.3,43.13 1 0
github.com/keigo-saito0602/joumou_karuta_manager/validation/validator.go:10.68,15.2 1 0
github.com/keigo-saito0602/joumou_karuta_manager/util/param.go:11.49,13.16 2 0
github.com/keigo-saito0602/joumou_karuta_manager/util/param.go:13.16,15.3 1 0
github.com/keigo-saito0602/joumou_karuta_manager/util/param.go:16.2,16.16 1 0
github.com/keigo-saito0602/joumou_karuta_manager/util/param.go:20.57,22.9 2 0
github.com/keigo-saito0602/joumou_karuta_manager/util/param.go:22.9,24.3 1 0
github.com/keigo-saito0602/joumou_karuta_manager/util/param.go:25.2,25.15 1 0
github.com/keigo-saito0602/joumou_karuta_manager/util/param.go:29.54,31.2 1 0
github.com/keigo-saito0602/joumou_karuta_manager/util/password.go:7.52,10.2 2 0
github.com/keigo-saito0602/joumou_karuta_manager/util/password.go:12.52,14.2 1 0
github.com/keigo-saito0602/joumou_karuta_manager/util/response.go:5.64,7.2 1 0
github.com/keigo-saito0602/joumou_karuta_manager/util/time.go:7.40,10.2 2 0
github.com/keigo-saito0602/joumou_karuta_manager/auth/jwt.go:17.62,27.2 3 1
github.com/keigo-saito0602/joumou_karuta_manager/auth/jwt.go:30.55,31.107 1 0
github.com/keigo-saito0602/joumou_karuta_manager/auth/jwt.go:31.107,33.3 1 0
github.com/keigo-saito0602/joumou_karuta_manager/auth/jwt.go:34.2,34.67 1 0
github.com/keigo-saito0602/joumou_karuta_manager/auth/jwt.go:34.67,36.3 1 0
github.com/keigo-saito0602/joumou_karuta_manager/auth/jwt.go:37.2,37.17 1 0
github.com/keigo-saito0602/joumou_karuta_manager/auth/middleware.go:10.60,11.36 1 0
github.com/keigo-saito0602/joumou_karuta_manager/auth/middleware.go:11.36,13.23 2 0
github.com/keigo-saito0602/joumou_karuta_manager/auth/middleware.go:13.23,15.4 1 0
github.com/keigo-saito0602/joumou_karuta_manager/auth/middleware.go:17.3,19.17 3 0
github.com/keigo-saito0602/joumou_karuta_manager/auth/middleware.go:19.17,21.4 1 0
github.com/keigo-saito0602/joumou_karuta_manager/auth/middleware.go:23.3,25.17 3 0
github.com/keigo-saito0602/joumou_karuta_manager/auth/middleware.go:29.66,30.36 1 0
github.com/keigo-saito0602/joumou_karuta_manager/auth/middleware.go:30.36,32.29 2 0
github.com/keigo-saito0602/joumou_karuta_manager/auth/middleware.go:32.29,34.4 1 0
github.com/keigo-saito0602/joumou_karuta_manager/auth/middleware.go:35.3,35.17 1 0
github.com/keigo-saito0602/joumou_karuta_manager/infrastructure/repository/memo_repository.go:23.52,25.2 1 0
github.com/keigo-saito0602/joumou_karuta_manager/infrastructure/repository/memo_repository.go:27.86,30.16 2 0
github.com/keigo-saito0602/joumou_karuta_manager/infrastructure/repository/memo_repository.go:30.16,32.3 1 0
github.com/keigo-saito0602/joumou_karuta_manager/infrastructure/repository/memo_repository.go:33.2,33.12 1 0
github.com/keigo-saito0602/joumou_karuta_manager/infrastructure/repository/memo_repository.go:36.83,39.16 3 0
github.com/keigo-saito0602/joumou_karuta_manager/infrastructure/repository/memo_repository.go:39.16,41.3 1 0
github.com/keigo-saito0602/joumou_karuta_manager/infrastructure/repository/memo_repository.go:42.2,42.19 1 0
github.com/keigo-saito0602/joumou_karuta_manager/infrastructure/repository/memo_repository.go:45.91,48.16 3 0
github.com/keigo-saito0602/joumou_karuta_manager/infrastructure/repository/memo_repository.go:48.16,51.3 2 0
github.com/keigo-saito0602/joumou_karuta_manager/infrastructure/repository/memo_repository.go:52.2,52.19 1 0
github.com/keigo-saito0602/joumou_karuta_manager/infrastructure/repository/memo_repository.go:55.86,56.67 1 0
github.com/keigo-saito0602/joumou_karuta_manager/infrastructure/repository/memo_repository.go:56.67,64.25 1 0
github.com/keigo-saito0602/joumou_karuta_manager/infrastructure/repository/memo_repository.go:64.25,67.4 2 0
github.com/keigo-saito0602/joumou_karuta_manager/infrastructure/repository/memo_repository.go:69.3,69.55 1 0
github.com/keigo-saito0602/joumou_karuta_manager/infrastructure/repository/memo_repository.go:69.55,72.4 2 0
github.com/keigo-saito0602/joumou_karuta_manager/infrastructure/repository/memo_repository.go:74.3,74.13 1 0
github.com/keigo-saito0602/joumou_karuta_manager/infrastructure/repository/memo_repository.go:78.79,80.16 2 0
github.com/keigo-saito0602/joumou_karuta_manager/infrastructure/repository/memo_repository.go:80.16,82.3 1 0
github.com/keigo-saito0602/joumou_karuta_manager/infrastructure/repository/memo_repository.go:83.2,83.12 1 0
github.com/keigo-saito0602/joumou_karuta_manager/infrastructure/repository/user_repository.go:26.52,28.2 1 0
github.com/keigo-saito0602/joumou_karuta_manager/infrastructure/repository/user_repository.go:30.86,33.16 2 0
github.com/keigo-saito0602/joumou_karuta_manager/infrastructure/repository/user_repository.go:33.16,35.3 1 0
github.com/keigo-saito0602/joumou_karuta_manager/infrastructure/repository/user_repository.go:36.2,36.12 1 0
github.com/keigo-saito0602/joumou_karuta_manager/infrastructure/repository/user_repository.go:39.83,42.16 3 0
github.com/keigo-saito0602/joumou_karuta_manager/infrastructure/repository/user_repository.go:42.16,44.3 1 0
github.com/keigo-saito0602/joumou_karuta_manager/infrastructure/repository/user_repository.go:45.2,45.19 1 0
github.com/keigo-saito0602/joumou_karuta_manager/infrastructure/repository/user_repository.go:48.91,51.16 3 0
github.com/keigo-saito0602/joumou_karuta_manager/infrastructure/repository/user_repository.go:51.16,54.3 2 0
github.com/keigo-saito0602/joumou_karuta_manager/infrastructure/repository/user_repository.go:55.2,55.19 1 0
github.com/keigo-saito0602/joumou_karuta_manager/infrastructure/repository/user_repository.go:58.86,59.67 1 0
github.com/keigo-saito0602/joumou_karuta_manager/infrastructure/repository/user_repository.go:59.67,65.25 1 0
github.com/keigo-saito0602/joumou_karuta_manager/infrastructure/repository/user_repository.go:65.25,68.4 2 0
github.com/keigo-saito0602/joumou_karuta_manager/infrastructure/repository/user_repository.go:70.3,70.55 1 0
github.com/keigo-saito0602/joumou_karuta_manager/infrastructure/repository/user_repository.go:70.55,73.4 2 0
github.com/keigo-saito0602/joumou_karuta_manager/infrastructure/repository/user_repository.go:75.3,75.13 1 0
github.com/keigo-saito0602/joumou_karuta_manager/infrastructure/repository/user_repository.go:79.79,81.16 2 0
github.com/keigo-saito0602/joumou_karuta_manager/infrastructure/repository/user_repository.go:81.16,83.3 1 0
github.com/keigo-saito0602/joumou_karuta_manager/infrastructure/repository/user_repository.go:84.2,84.12 1 0
github.com/keigo-saito0602/joumou_karuta_manager/infrastructure/repository/user_repository.go:87.97,89.91 2 0
github.com/keigo-saito0602/joumou_karuta_manager/infrastructure/repository/user_repository.go:89.91,90.45 1 0
github.com/keigo-saito0602/joumou_karuta_manager/infrastructure/repository/user_repository.go:90.45,92.4 1 0
github.com/keigo-saito0602/joumou_karuta_manager/infrastructure/repository/user_repository.go:93.3,93.18 1 0
github.com/keigo-saito0602/joumou_karuta_manager/infrastructure/repository/user_repository.go:95.2,95.19 1 0
github.com/keigo-saito0602/joumou_karuta_manager/interface/handler/handlers.go:8.66,13.2 1 0
github.com/keigo-saito0602/joumou_karuta_manager/interface/handler/memo_handler.go:19.86,24.2 1 1
github.com/keigo-saito0602/joumou_karuta_manager/interface/handler/memo_handler.go:35.55,37.16 2 0
github.com/keigo-saito0602/joumou_karuta_manager/interface/handler/memo_handler.go:37.16,40.3 2 0
github.com/keigo-saito0602/joumou_karuta_manager/interface/handler/memo_handler.go:41.2,41.37 1 0
github.com/keigo-saito0602/joumou_karuta_manager/interface/handler/memo_handler.go:56.53,59.16 3 0
github.com/keigo-saito0602/joumou_karuta_manager/interface/handler/memo_handler.go:59.16,61.3 1 0
github.com/keigo-saito0602/joumou_karuta_manager/interface/handler/memo_handler.go:63.2,64.16 2 0
github.com/keigo-saito0602/joumou_karuta_manager/interface/handler/memo_handler.go:64.16,67.3 2 0
github.com/keigo-saito0602/joumou_karuta_manager/interface/handler/memo_handler.go:69.2,69.36 1 0
github.com/keigo-saito0602/joumou_karuta_manager/interface/handler/memo_handler.go:83.56,85.38 2 1
github.com/keigo-saito0602/joumou_karuta_manager/interface/handler/memo_handler.go:85.38,87.3 1 1
github.com/keigo-saito0602/joumou_karuta_manager/interface/handler/memo_handler.go:89.2,89.85 1 1
github.com/keigo-saito0602/joumou_karuta_manager/interface/handler/memo_handler.go:89.85,91.3 1 1
github.com/keigo-saito0602/joumou_karuta_manager/interface/handler/memo_handler.go:93.2,93.79 1 1
github.com/keigo-saito0602/joumou_karuta_manager/interface/handler/memo_handler.go:93.79,96.3 2 0
github.com/keigo-saito0602/joumou_karuta_manager/interface/handler/memo_handler.go:98.2,98.41 1 1
github.com/keigo-saito0602/joumou_karuta_manager/interface/handler/memo_handler.go:114.56,117.16 3 0
github.com/keigo-saito0602/joumou_karuta_manager/interface/handler/memo_handler.go:117.16,119.3 1 0
github.com/keigo-saito0602/joumou_karuta_manager/interface/handler/memo_handler.go:121.2,122.38 2 0
github.com/keigo-saito0602/joumou_karuta_manager/interface/handler/memo_handler.go:122.38,124.3 1 0
github.com/keigo-saito0602/joumou_karuta_manager/interface/handler/memo_handler.go:125.2,127.85 2 0
github.com/keigo-saito0602/joumou_karuta_manager/interface/handler/memo_handler.go:127.85,129.3 1 0
github.com/keigo-saito0602/joumou_karuta_manager/interface/handler/memo_handler.go:131.2,132.16 2 0
github.com/keigo-saito0602/joumou_karuta_manager/interface/handler/memo_handler.go:132.16,135.3 2 0
github.com/keigo-saito0602/joumou_karuta_manager/interface/handler/memo_handler.go:137.2,137.36 1 0
github.com/keigo-saito0602/joumou_karuta_manager/interface/handler/memo_handler.go:151.56,154.16 3 0
github.com/keigo-saito0602/joumou_karuta_manager/interface/handler/memo_handler.go:154.16,156.3 1 0
github.com/keigo-saito0602/joumou_karuta_manager/interface/handler/memo_handler.go:158.2,159.16 2 0
github.com/keigo-saito0602/joumou_karuta_manager/interface/handler/memo_handler.go:159.16,162.3 2 0
github.com/keigo-saito0602/joumou_karuta_manager/interface/handler/memo_handler.go:164.2,164.42 1 0
github.com/keigo-saito0602/joumou_karuta_manager/interface/handler/user_handler.go:20.101,25.2 1 1
github.com/keigo-saito0602/joumou_karuta_manager/interface/handler/user_handler.go:36.55,38.16 2 0
github.com/keigo-saito0602/joumou_karuta_manager/interface/handler/user_handler.go:38.16,41.3 2 0
github.com/keigo-saito0602/joumou_karuta_manager/interface/handler/user_handler.go:42.2,42.37 1 0
github.com/keigo-saito0602/joumou_karuta_manager/interface/handler/user_handler.go:57.53,60.16 3 0
github.com/keigo-saito0602/joumou_karuta_manager/interface/handler/user_handler.go:60.16,62.3 1 0
github.com/keigo-saito0602/joumou_karuta_manager/interface/handler/user_handler.go:64.2,65.16 2 0
github.com/keigo-saito0602/joumou_karuta_manager/interface/handler/user_handler.go:65.16,68.3 2 0
github.com/keigo-saito0602/joumou_karuta_manager/interface/handler/user_handler.go:70.2,70.36 1 0
github.com/keigo-saito0602/joumou_karuta_manager/interface/handler/user_handler.go:84.56,86.38 2 0
github.com/keigo-saito0602/joumou_karuta_manager/interface/handler/user_handler.go:86.38,88.3 1 0
github.com/keigo-saito0602/joumou_karuta_manager/interface/handler/user_handler.go:90.2,90.85 1 0
github.com/keigo-saito0602/joumou_karuta_manager/interface/handler/user_handler.go:90.85,92.3 1 0
github.com/keigo-saito0602/joumou_karuta_manager/interface/handler/user_handler.go:94.2,94.79 1 0
github.com/keigo-saito0602/joumou_karuta_manager/interface/handler/user_handler.go:94.79,97.3 2 0
github.com/keigo-saito0602/joumou_karuta_manager/interface/handler/user_handler.go:99.2,99.41 1 0
github.com/keigo-saito0602/joumou_karuta_manager/interface/handler/user_handler.go:115.56,118.16 3 0
github.com/keigo-saito0602/joumou_karuta_manager/interface/handler/user_handler.go:118.16,120.3 1 0
github.com/keigo-saito0602/joumou_karuta_manager/interface/handler/user_handler.go:122.2,123.38 2 0
github.com/keigo-saito0602/joumou_karuta_manager/interface/handler/user_handler.go:123.38,125.3 1 0
github.com/keigo-saito0602/joumou_karuta_manager/interface/handler/user_handler.go:126.2,128.85 2 0
github.com/keigo-saito0602/joumou_karuta_manager/interface/handler/user_handler.go:128.85,130.3 1 0
github.com/keigo-saito0602/joumou_karuta_manager/interface/handler/user_handler.go:132.2,133.16 2 0
github.com/keigo-saito0602/joumou_karuta_manager/interface/handler/user_handler.go:133.16,136.3 2 0
github.com/keigo-saito0602/joumou_karuta_manager/interface/handler/user_handler.go:138.2,138.36 1 0
github.com/keigo-saito0602/joumou_karuta_manager/interface/handler/user_handler.go:152.56,155.16 3 0
github.com/keigo-saito0602/joumou_karuta_manager/interface/handler/user_handler.go:155.16,157.3 1 0
github.com/keigo-saito0602/joumou_karuta_manager/interface/handler/user_handler.go:159.2,160.16 2 0
github.com/keigo-saito0602/joumou_karuta_manager/interface/handler/user_handler.go:160.16,163.3 2 0
github.com/keigo-saito0602/joumou_karuta_manager/interface/handler/user_handler.go:165.2,165.42 1 0
github.com/keigo-saito0602/joumou_karuta_manager/interface/handler/user_handler.go:179.51,181.37 2 1
github.com/keigo-saito0602/joumou_karuta_manager/interface/handler/user_handler.go:181.37,183.3 1 1
github.com/keigo-saito0602/joumou_karuta_manager/interface/handler/user_handler.go:185.2,186.72 2 1
github.com/keigo-saito0602/joumou_karuta_manager/interface/handler/user_handler.go:186.72,188.3 1 1
github.com/keigo-saito0602/joumou_karuta_manager/interface/handler/user_handler.go:190.2,191.16 2 1
github.com/keigo-saito0602/joumou_karuta_manager/interface/handler/user_handler.go:191.16,193.3 1 0
github.com/keigo-saito0602/joumou_karuta_manager/interface/handler/user_handler.go:195.2,195.65 1 1
github.com/keigo-saito0602/joumou_karuta_manager/interface/handler/user_handler.go:207.62,211.2 1 0
github.com/keigo-saito0602/joumou_karuta_manager/interface/handler/mocks/memo_usecase_mock.go:27.67,31.2 3 1
github.com/keigo-saito0602/joumou_karuta_manager/interface/handler/mocks/memo_usecase_mock.go:34.65,36.2 1 1
github.com/keigo-saito0602/joumou_karuta_manager/interface/handler/mocks/memo_usecase_mock.go:39.83,44.2 4 1
github.com/keigo-saito0602/joumou_karuta_manager/interface/handler/mocks/memo_usecase_mock.go:47.87,50.2 2 1
github.com/keigo-saito0602/joumou_karuta_manager/interface/handler/mocks/memo_usecase_mock.go:53.76,58.2 4 0
github.com/keigo-saito0602/joumou_karuta_manager/interface/handler/mocks/memo_usecase_mock.go:61.85,64.2 2 0
github.com/keigo-saito0602/joumou_karuta_manager/interface/handler/mocks/memo_usecase_mock.go:67.88,73.2 5 0
github.com/keigo-saito0602/joumou_karuta_manager/interface/handler/mocks/memo_usecase_mock.go:76.82,79.2 2 0
github.com/keigo-saito0602/joumou_karuta_manager/interface/handler/mocks/memo_usecase_mock.go:82.80,88.2 5 0
github.com/keigo-saito0602/joumou_karuta_manager/interface/handler/mocks/memo_usecase_mock.go:91.80,94.2 2 0
github.com/keigo-saito0602/joumou_karuta_manager/interface/handler/mocks/memo_usecase_mock.go:97.83,102.2 4 0
github.com/keigo-saito0602/joumou_karuta_manager/interface/handler/mocks/memo_usecase_mock.go:105.87,108.2 2 0
github.com/keigo-saito0602/joumou_karuta_manager/interface/handler/mocks/user_usecase_mock.go:27.67,31.2 3 1
github.com/keigo-saito0602/joumou_karuta_manager/interface/handler/mocks/user_usecase_mock.go:34.65,36.2 1 1
github.com/keigo-saito0602/joumou_karuta_manager/interface/handler/mocks/user_usecase_mock.go:39.83,44.2 4 0
github.com/keigo-saito0602/joumou_karuta_manager/interface/handler/mocks/user_usecase_mock.go:47.87,50.2 2 0
github.com/keigo-saito0602/joumou_karuta_manager/interface/handler/mocks/user_usecase_mock.go:53.76,58.2 4 0
github.com/keigo-saito0602/joumou_karuta_manager/interface/handler/mocks/user_usecase_mock.go:61.85,64.2 2 0
github.com/keigo-saito0602/joumou_karuta_manager/interface/handler/mocks/user_usecase_mock.go:67.94,73.2 5 1
github.com/keigo-saito0602/joumou_karuta_manager/interface/handler/mocks/user_usecase_mock.go:76.88,79.2 2 1
github.com/keigo-saito0602/joumou_karuta_manager/interface/handler/mocks/user_usecase_mock.go:82.88,88.2 5 1
github.com/keigo-saito0602/joumou_karuta_manager/interface/handler/mocks/user_usecase_mock.go:91.82,94.2 2 1
github.com/keigo-saito0602/joumou_karuta_manager/interface/handler/mocks/user_usecase_mock.go:97.80,103.2 5 0
github.com/keigo-saito0602/joumou_karuta_manager/interface/handler/mocks/user_usecase_mock.go:106.80,109.2 2 0
github.com/keigo-saito0602/joumou_karuta_manager/interface/handler/mocks/user_usecase_mock.go:112.83,117.2 4 0
github.com/keigo-saito0602/joumou_karuta_manager/interface/handler/mocks/user_usecase_mock.go:120.87,123.2 2 0
github.com/keigo-saito0602/joumou_karuta_manager/usecase/memo_usecase.go:27.82,32.2 1 0
github.com/keigo-saito0602/joumou_karuta_manager/usecase/memo_usecase.go:34.84,40.16 5 0
github.com/keigo-saito0602/joumou_karuta_manager/usecase/memo_usecase.go:40.16,42.3 1 0
github.com/keigo-saito0602/joumou_karuta_manager/usecase/memo_usecase.go:43.2,43.18 1 0
github.com/keigo-saito0602/joumou_karuta_manager/usecase/memo_usecase.go:46.76,52.16 5 0
github.com/keigo-saito0602/joumou_karuta_manager/usecase/memo_usecase.go:52.16,54.3 1 0
github.com/keigo-saito0602/joumou_karuta_manager/usecase/memo_usecase.go:55.2,55.19 1 0
github.com/keigo-saito0602/joumou_karuta_manager/usecase/memo_usecase.go:58.79,64.16 5 0
github.com/keigo-saito0602/joumou_karuta_manager/usecase/memo_usecase.go:64.16,66.3 1 0
github.com/keigo-saito0602/joumou_karuta_manager/usecase/memo_usecase.go:67.2,67.12 1 0
github.com/keigo-saito0602/joumou_karuta_manager/usecase/memo_usecase.go:70.79,76.16 5 0
github.com/keigo-saito0602/joumou_karuta_manager/usecase/memo_usecase.go:76.16,78.3 1 0
github.com/keigo-saito0602/joumou_karuta_manager/usecase/memo_usecase.go:79.2,79.12 1 0
github.com/keigo-saito0602/joumou_karuta_manager/usecase/memo_usecase.go:82.72,88.16 5 0
github.com/keigo-saito0602/joumou_karuta_manager/usecase/memo_usecase.go:88.16,90.3 1 0
github.com/keigo-saito0602/joumou_karuta_manager/usecase/memo_usecase.go:91.2,91.12 1 0
github.com/keigo-saito0602/joumou_karuta_manager/usecase/user_usecase.go:29.78,31.2 1 0
github.com/keigo-saito0602/joumou_karuta_manager/usecase/user_usecase.go:33.84,39.16 5 0
github.com/keigo-saito0602/joumou_karuta_manager/usecase/user_usecase.go:39.16,41.3 1 0
github.com/keigo-saito0602/joumou_karuta_manager/usecase/user_usecase.go:42.2,42.18 1 0
github.com/keigo-saito0602/joumou_karuta_manager/usecase/user_usecase.go:45.76,51.16 5 0
github.com/keigo-saito0602/joumou_karuta_manager/usecase/user_usecase.go:51.16,53.3 1 0
github.com/keigo-saito0602/joumou_karuta_manager/usecase/user_usecase.go:54.2,54.19 1 0
github.com/keigo-saito0602/joumou_karuta_manager/usecase/user_usecase.go:57.79,63.16 5 0
github.com/keigo-saito0602/joumou_karuta_manager/usecase/user_usecase.go:63.16,66.3 2 0
github.com/keigo-saito0602/joumou_karuta_manager/usecase/user_usecase.go:67.2,69.63 2 0
github.com/keigo-saito0602/joumou_karuta_manager/usecase/user_usecase.go:69.63,72.3 2 0
github.com/keigo-saito0602/joumou_karuta_manager/usecase/user_usecase.go:74.2,74.12 1 0
github.com/keigo-saito0602/joumou_karuta_manager/usecase/user_usecase.go:77.79,83.16 5 0
github.com/keigo-saito0602/joumou_karuta_manager/usecase/user_usecase.go:83.16,85.3 1 0
github.com/keigo-saito0602/joumou_karuta_manager/usecase/user_usecase.go:86.2,86.12 1 0
github.com/keigo-saito0602/joumou_karuta_manager/usecase/user_usecase.go:89.72,95.16 5 0
github.com/keigo-saito0602/joumou_karuta_manager/usecase/user_usecase.go:95.16,97.3 1 0
github.com/keigo-saito0602/joumou_karuta_manager/usecase/user_usecase.go:98.2,98.12 1 0
github.com/keigo-saito0602/joumou_karuta_manager/usecase/user_usecase.go:101.90,107.16 5 0
github.com/keigo-saito0602/joumou_karuta_manager/usecase/user_usecase.go:107.16,109.3 1 0
github.com/keigo-saito0602/joumou_karuta_manager/usecase/user_usecase.go:110.2,110.18 1 0
github.com/keigo-saito0602/joumou_karuta_manager/util/param.go:11.49,13.16 2 0
github.com/keigo-saito0602/joumou_karuta_manager/util/param.go:13.16,15.3 1 0
github.com/keigo-saito0602/joumou_karuta_manager/util/param.go:16.2,16.16 1 0
github.com/keigo-saito0602/joumou_karuta_manager/util/param.go:20.57,22.9 2 0
github.com/keigo-saito0602/joumou_karuta_manager/util/param.go:22.9,24.3 1 0
github.com/keigo-saito0602/joumou_karuta_manager/util/param.go:25.2,25.15 1 0
github.com/keigo-saito0602/joumou_karuta_manager/util/param.go:29.54,31.2 1 0
github.com/keigo-saito0602/joumou_karuta_manager/util/password.go:7.52,10.2 2 1
github.com/keigo-saito0602/joumou_karuta_manager/util/password.go:12.52,14.2 1 1
github.com/keigo-saito0602/joumou_karuta_manager/util/response.go:5.64,7.2 1 1
github.com/keigo-saito0602/joumou_karuta_manager/util/time.go:7.40,10.2 2 0
github.com/keigo-saito0602/joumou_karuta_manager/validation/custom_validator.go:22.51,24.36 2 0
github.com/keigo-saito0602/joumou_karuta_manager/validation/custom_validator.go:24.36,26.3 1 0
github.com/keigo-saito0602/joumou_karuta_manager/validation/custom_validator.go:27.2,27.12 1 0
github.com/keigo-saito0602/joumou_karuta_manager/validation/custom_validator.go:31.51,33.36 2 0
github.com/keigo-saito0602/joumou_karuta_manager/validation/custom_validator.go:33.36,35.3 1 0
github.com/keigo-saito0602/joumou_karuta_manager/validation/custom_validator.go:36.2,36.12 1 0
github.com/keigo-saito0602/joumou_karuta_manager/validation/custom_validator.go:40.52,42.35 2 0
github.com/keigo-saito0602/joumou_karuta_manager/validation/custom_validator.go:42.35,44.3 1 0
github.com/keigo-saito0602/joumou_karuta_manager/validation/custom_validator.go:45.2,45.12 1 0
github.com/keigo-saito0602/joumou_karuta_manager/validation/custom_validator.go:49.50,51.9 2 0
github.com/keigo-saito0602/joumou_karuta_manager/validation/custom_validator.go:51.9,53.3 1 0
github.com/keigo-saito0602/joumou_karuta_manager/validation/custom_validator.go:54.2,54.26 1 0
github.com/keigo-saito0602/joumou_karuta_manager/validation/custom_validator.go:54.26,56.3 1 0
github.com/keigo-saito0602/joumou_karuta_manager/validation/custom_validator.go:57.2,57.12 1 0
github.com/keigo-saito0602/joumou_karuta_manager/validation/custom_validator.go:61.48,63.9 2 0
github.com/keigo-saito0602/joumou_karuta_manager/validation/custom_validator.go:63.9,65.3 1 0
github.com/keigo-saito0602/joumou_karuta_manager/validation/custom_validator.go:66.2,66.27 1 0
github.com/keigo-saito0602/joumou_karuta_manager/validation/custom_validator.go:66.27,68.3 1 0
github.com/keigo-saito0602/joumou_karuta_manager/validation/custom_validator.go:69.2,69.12 1 0
github.com/keigo-saito0602/joumou_karuta_manager/validation/custom_validator.go:74.58,75.39 1 0
github.com/keigo-saito0602/joumou_karuta_manager/validation/custom_validator.go:75.39,77.23 2 0
github.com/keigo-saito0602/joumou_karuta_manager/validation/custom_validator.go:77.23,81.4 1 0
github.com/keigo-saito0602/joumou_karuta_manager/validation/custom_validator.go:82.3,82.13 1 0
github.com/keigo-saito0602/joumou_karuta_manager/validation/custom_validator.go:86.54,88.9 2 1
github.com/keigo-saito0602/joumou_karuta_manager/validation/custom_validator.go:88.9,90.3 1 0
github.com/keigo-saito0602/joumou_karuta_manager/validation/custom_validator.go:91.2,91.12 1 1
github.com/keigo-saito0602/joumou_karuta_manager/validation/custom_validator.go:91.12,93.3 1 0
github.com/keigo-saito0602/joumou_karuta_manager/validation/custom_validator.go:94.2,94.12 1 1
github.com/keigo-saito0602/joumou_karuta_manager/validation/memo_validation.go:15.74,17.2 1 1
github.com/keigo-saito0602/joumou_karuta_manager/validation/memo_validation.go:19.82,30.2 1 1
github.com/keigo-saito0602/joumou_karuta_manager/validation/memo_validation.go:32.82,44.2 1 0
github.com/keigo-saito0602/joumou_karuta_manager/validation/user_validation.go:12.40,14.2 1 1
github.com/keigo-saito0602/joumou_karuta_manager/validation/user_validation.go:16.82,21.2 1 0
github.com/keigo-saito0602/joumou_karuta_manager/validation/user_validation.go:23.82,29.2 1 0
github.com/keigo-saito0602/joumou_karuta_manager/validation/user_validation.go:32.67,33.39 1 1
github.com/keigo-saito0602/joumou_karuta_manager/validation/user_validation.go:33.39,35.25 2 1
github.com/keigo-saito0602/joumou_karuta_manager/validation/user_validation.go:35.25,37.4 1 0
github.com/keigo-saito0602/joumou_karuta_manager/validation/user_validation.go:39.3,40.17 2 1
github.com/keigo-saito0602/joumou_karuta_manager/validation/user_validation.go:40.17,42.4 1 0
github.com/keigo-saito0602/joumou_karuta_manager/validation/user_validation.go:43.3,43.13 1 1
github.com/keigo-saito0602/joumou_karuta_manager/validation/validator.go:10.68,15.2 1 0
